sample/build/intermediates/manifest_merge_blame_file/debug/processDebugMainManifest/manifest-merger-blame-debug-report.txt
1<?xml version="1.0" encoding="utf-8"?>
2<manifest xmlns:android="http://schemas.android.com/apk/res/android"
3    package="com.telco.safetysdk.sample"
4    android:versionCode="1"
5    android:versionName="1.0" >
6
7    <uses-sdk
8        android:minSdkVersion="26"
9        android:targetSdkVersion="35" />
10
11    <uses-permission android:name="android.permission.INTERNET" />
11-->src/main/AndroidManifest.xml:4:5-67
11-->src/main/AndroidManifest.xml:4:22-64
12    <uses-permission android:name="android.permission.POST_NOTIFICATIONS" />
12-->src/main/AndroidManifest.xml:5:5-77
12-->src/main/AndroidManifest.xml:5:22-74
13    <uses-permission android:name="android.permission.ACCESS_WIFI_STATE" />
13-->[:sdk] AndroidManifest.xml:7:5-76
13-->[:sdk] AndroidManifest.xml:7:22-73
14    <uses-permission android:name="android.permission.ACCESS_NETWORK_STATE" />
14-->[:sdk] AndroidManifest.xml:8:5-79
14-->[:sdk] AndroidManifest.xml:8:22-76
15    <uses-permission android:name="android.permission.READ_PHONE_STATE" />
15-->[:sdk] AndroidManifest.xml:9:5-75
15-->[:sdk] AndroidManifest.xml:9:22-72
16    <uses-permission android:name="android.permission.ACCESS_FINE_LOCATION" />
16-->[:sdk] AndroidManifest.xml:10:5-79
16-->[:sdk] AndroidManifest.xml:10:22-76
17    <uses-permission android:name="android.permission.ACCESS_COARSE_LOCATION" />
17-->[:sdk] AndroidManifest.xml:11:5-81
17-->[:sdk] AndroidManifest.xml:11:22-78
18    <uses-permission android:name="android.permission.ACCESS_BACKGROUND_LOCATION" />
18-->[:sdk] AndroidManifest.xml:12:5-85
18-->[:sdk] AndroidManifest.xml:12:22-82
19    <uses-permission
19-->[:sdk] AndroidManifest.xml:13:5-15:58
20        android:name="android.permission.NEARBY_WIFI_DEVICES"
20-->[:sdk] AndroidManifest.xml:14:9-62
21        android:usesPermissionFlags="neverForLocation" />
21-->[:sdk] AndroidManifest.xml:15:9-55
22    <uses-permission android:name="android.permission.FOREGROUND_SERVICE" />
22-->[:sdk] AndroidManifest.xml:16:5-77
22-->[:sdk] AndroidManifest.xml:16:22-74
23    <uses-permission android:name="android.permission.FOREGROUND_SERVICE_LOCATION" />
23-->[:sdk] AndroidManifest.xml:17:5-86
23-->[:sdk] AndroidManifest.xml:17:22-83
24
25    <permission
25-->[androidx.core:core:1.15.0] AndroidManifest.xml:22:5-24:47
26        android:name="com.telco.safetysdk.sample.DYNAMIC_RECEIVER_NOT_EXPORTED_PERMISSION"
26-->[androidx.core:core:1.15.0] AndroidManifest.xml:23:9-81
27        android:protectionLevel="signature" />
27-->[androidx.core:core:1.15.0] AndroidManifest.xml:24:9-44
28
29    <uses-permission android:name="com.telco.safetysdk.sample.DYNAMIC_RECEIVER_NOT_EXPORTED_PERMISSION" />
29-->[androidx.core:core:1.15.0] AndroidManifest.xml:26:5-97
29-->[androidx.core:core:1.15.0] AndroidManifest.xml:26:22-94
30
31    <application
31-->src/main/AndroidManifest.xml:7:5-29:19
32        android:allowBackup="false"
32-->src/main/AndroidManifest.xml:8:9-36
33        android:appComponentFactory="androidx.core.app.CoreComponentFactory"
33-->[androidx.core:core:1.15.0] AndroidManifest.xml:28:18-86
34        android:debuggable="true"
35        android:extractNativeLibs="false"
36        android:icon="@android:drawable/ic_dialog_info"
36-->src/main/AndroidManifest.xml:9:9-56
37        android:label="Safety SDK Sample"
37-->src/main/AndroidManifest.xml:10:9-42
38        android:supportsRtl="true"
38-->src/main/AndroidManifest.xml:11:9-35
39        android:testOnly="true"
40        android:theme="@style/Theme.Material3.DayNight.NoActionBar" >
40-->src/main/AndroidManifest.xml:12:9-68
41        <activity
41-->src/main/AndroidManifest.xml:13:9-20:20
42            android:name="com.telco.safetysdk.sample.MainActivity"
42-->src/main/AndroidManifest.xml:14:13-41
43            android:exported="true" >
43-->src/main/AndroidManifest.xml:15:13-36
44            <intent-filter>
44-->src/main/AndroidManifest.xml:16:13-19:29
45                <action android:name="android.intent.action.MAIN" />
45-->src/main/AndroidManifest.xml:17:17-69
45-->src/main/AndroidManifest.xml:17:25-66
46
47                <category android:name="android.intent.category.LAUNCHER" />
47-->src/main/AndroidManifest.xml:18:17-77
47-->src/main/AndroidManifest.xml:18:27-74
48            </intent-filter>
49        </activity>
50
51        <service
51-->src/main/AndroidManifest.xml:21:9-28:19
52            android:name="com.telco.safetysdk.sample.PolicyVpnService"
52-->src/main/AndroidManifest.xml:22:13-45
53            android:exported="false"
53-->src/main/AndroidManifest.xml:23:13-37
54            android:permission="android.permission.BIND_VPN_SERVICE" >
54-->src/main/AndroidManifest.xml:24:13-69
55            <intent-filter>
55-->src/main/AndroidManifest.xml:25:13-27:29
56                <action android:name="android.net.VpnService" />
56-->src/main/AndroidManifest.xml:26:17-65
56-->src/main/AndroidManifest.xml:26:25-62
57            </intent-filter>
58        </service>
59
60        <provider
60-->[androidx.emoji2:emoji2:1.3.0] AndroidManifest.xml:24:9-32:20
61            android:name="androidx.startup.InitializationProvider"
61-->[androidx.emoji2:emoji2:1.3.0] AndroidManifest.xml:25:13-67
62            android:authorities="com.telco.safetysdk.sample.androidx-startup"
62-->[androidx.emoji2:emoji2:1.3.0] AndroidManifest.xml:26:13-68
63            android:exported="false" >
63-->[androidx.emoji2:emoji2:1.3.0] AndroidManifest.xml:27:13-37
64            <meta-data
64-->[androidx.emoji2:emoji2:1.3.0] AndroidManifest.xml:29:13-31:52
65                android:name="androidx.emoji2.text.EmojiCompatInitializer"
65-->[androidx.emoji2:emoji2:1.3.0] AndroidManifest.xml:30:17-75
66                android:value="androidx.startup" />
66-->[androidx.emoji2:emoji2:1.3.0] AndroidManifest.xml:31:17-49
67            <meta-data
67-->[androidx.lifecycle:lifecycle-process:2.8.7] AndroidManifest.xml:29:13-31:52
68                android:name="androidx.lifecycle.ProcessLifecycleInitializer"
68-->[androidx.lifecycle:lifecycle-process:2.8.7] AndroidManifest.xml:30:17-78
69                android:value="androidx.startup" />
69-->[androidx.lifecycle:lifecycle-process:2.8.7] AndroidManifest.xml:31:17-49
70            <meta-data
70-->[androidx.profileinstaller:profileinstaller:1.4.0] AndroidManifest.xml:29:13-31:52
71                android:name="androidx.profileinstaller.ProfileInstallerInitializer"
71-->[androidx.profileinstaller:profileinstaller:1.4.0] AndroidManifest.xml:30:17-85
72                android:value="androidx.startup" />
72-->[androidx.profileinstaller:profileinstaller:1.4.0] AndroidManifest.xml:31:17-49
73        </provider>
74
75        <receiver
75-->[androidx.profileinstaller:profileinstaller:1.4.0] AndroidManifest.xml:34:9-52:20
76            android:name="androidx.profileinstaller.ProfileInstallReceiver"
76-->[androidx.profileinstaller:profileinstaller:1.4.0] AndroidManifest.xml:35:13-76
77            android:directBootAware="false"
77-->[androidx.profileinstaller:profileinstaller:1.4.0] AndroidManifest.xml:36:13-44
78            android:enabled="true"
78-->[androidx.profileinstaller:profileinstaller:1.4.0] AndroidManifest.xml:37:13-35
79            android:exported="true"
79-->[androidx.profileinstaller:profileinstaller:1.4.0] AndroidManifest.xml:38:13-36
80            android:permission="android.permission.DUMP" >
80-->[androidx.profileinstaller:profileinstaller:1.4.0] AndroidManifest.xml:39:13-57
81            <intent-filter>
81-->[androidx.profileinstaller:profileinstaller:1.4.0] AndroidManifest.xml:40:13-42:29
82                <action android:name="androidx.profileinstaller.action.INSTALL_PROFILE" />
82-->[androidx.profileinstaller:profileinstaller:1.4.0] AndroidManifest.xml:41:17-91
82-->[androidx.profileinstaller:profileinstaller:1.4.0] AndroidManifest.xml:41:25-88
83            </intent-filter>
84            <intent-filter>
84-->[androidx.profileinstaller:profileinstaller:1.4.0] AndroidManifest.xml:43:13-45:29
85                <action android:name="androidx.profileinstaller.action.SKIP_FILE" />
85-->[androidx.profileinstaller:profileinstaller:1.4.0] AndroidManifest.xml:44:17-85
85-->[androidx.profileinstaller:profileinstaller:1.4.0] AndroidManifest.xml:44:25-82
86            </intent-filter>
87            <intent-filter>
87-->[androidx.profileinstaller:profileinstaller:1.4.0] AndroidManifest.xml:46:13-48:29
88                <action android:name="androidx.profileinstaller.action.SAVE_PROFILE" />
88-->[androidx.profileinstaller:profileinstaller:1.4.0] AndroidManifest.xml:47:17-88
88-->[androidx.profileinstaller:profileinstaller:1.4.0] AndroidManifest.xml:47:25-85
89            </intent-filter>
90            <intent-filter>
90-->[androidx.profileinstaller:profileinstaller:1.4.0] AndroidManifest.xml:49:13-51:29
91                <action android:name="androidx.profileinstaller.action.BENCHMARK_OPERATION" />
91-->[androidx.profileinstaller:profileinstaller:1.4.0] AndroidManifest.xml:50:17-95
91-->[androidx.profileinstaller:profileinstaller:1.4.0] AndroidManifest.xml:50:25-92
92            </intent-filter>
93        </receiver>
94    </application>
95
96</manifest>